[2022-02-14 10:05:42,467] {taskinstance.py:1032} INFO - Dependencies all met for <TaskInstance: pipe.print_hello manual__2022-02-14T16:05:36.995821+00:00 [queued]>
[2022-02-14 10:05:42,479] {taskinstance.py:1032} INFO - Dependencies all met for <TaskInstance: pipe.print_hello manual__2022-02-14T16:05:36.995821+00:00 [queued]>
[2022-02-14 10:05:42,479] {taskinstance.py:1238} INFO - 
--------------------------------------------------------------------------------
[2022-02-14 10:05:42,479] {taskinstance.py:1239} INFO - Starting attempt 1 of 1
[2022-02-14 10:05:42,480] {taskinstance.py:1240} INFO - 
--------------------------------------------------------------------------------
[2022-02-14 10:05:42,500] {taskinstance.py:1259} INFO - Executing <Task(PythonOperator): print_hello> on 2022-02-14 16:05:36.995821+00:00
[2022-02-14 10:05:42,502] {standard_task_runner.py:52} INFO - Started process 5499 to run task
[2022-02-14 10:05:42,506] {standard_task_runner.py:76} INFO - Running: ['airflow', 'tasks', 'run', 'pipe', 'print_hello', 'manual__2022-02-14T16:05:36.995821+00:00', '--job-id', '12', '--raw', '--subdir', 'DAGS_FOLDER/pipe.py', '--cfg-path', '/tmp/tmpn09sjje2', '--error-file', '/tmp/tmp1kjf5ix6']
[2022-02-14 10:05:42,506] {standard_task_runner.py:77} INFO - Job 12: Subtask print_hello
[2022-02-14 10:05:42,734] {logging_mixin.py:109} INFO - Running <TaskInstance: pipe.print_hello manual__2022-02-14T16:05:36.995821+00:00 [running]> on host LAPTOP-GCF7F7F0.localdomain
[2022-02-14 10:05:42,994] {taskinstance.py:1424} INFO - Exporting the following env vars:
AIRFLOW_CTX_DAG_OWNER=airflow
AIRFLOW_CTX_DAG_ID=pipe
AIRFLOW_CTX_TASK_ID=print_hello
AIRFLOW_CTX_EXECUTION_DATE=2022-02-14T16:05:36.995821+00:00
AIRFLOW_CTX_DAG_RUN_ID=manual__2022-02-14T16:05:36.995821+00:00
[2022-02-14 10:05:43,003] {logging_mixin.py:109} INFO - hello world
[2022-02-14 10:05:43,003] {python.py:175} INFO - Done. Returned value was: None
[2022-02-14 10:05:43,017] {taskinstance.py:1267} INFO - Marking task as SUCCESS. dag_id=pipe, task_id=print_hello, execution_date=20220214T160536, start_date=20220214T160542, end_date=20220214T160543
[2022-02-14 10:05:43,078] {local_task_job.py:154} INFO - Task exited with return code 0
[2022-02-14 10:05:43,097] {local_task_job.py:264} INFO - 0 downstream tasks scheduled from follow-on schedule check
