[2022-02-14 09:57:19,217] {taskinstance.py:1032} INFO - Dependencies all met for <TaskInstance: example_python_operator.sleep_for_0 manual__2022-02-14T15:57:09.027100+00:00 [queued]>
[2022-02-14 09:57:19,229] {taskinstance.py:1032} INFO - Dependencies all met for <TaskInstance: example_python_operator.sleep_for_0 manual__2022-02-14T15:57:09.027100+00:00 [queued]>
[2022-02-14 09:57:19,229] {taskinstance.py:1238} INFO - 
--------------------------------------------------------------------------------
[2022-02-14 09:57:19,229] {taskinstance.py:1239} INFO - Starting attempt 1 of 1
[2022-02-14 09:57:19,229] {taskinstance.py:1240} INFO - 
--------------------------------------------------------------------------------
[2022-02-14 09:57:19,246] {taskinstance.py:1259} INFO - Executing <Task(_PythonDecoratedOperator): sleep_for_0> on 2022-02-14 15:57:09.027100+00:00
[2022-02-14 09:57:19,248] {standard_task_runner.py:52} INFO - Started process 5032 to run task
[2022-02-14 09:57:19,251] {standard_task_runner.py:76} INFO - Running: ['airflow', 'tasks', 'run', 'example_python_operator', 'sleep_for_0', 'manual__2022-02-14T15:57:09.027100+00:00', '--job-id', '6', '--raw', '--subdir', '/home/astrid/challenge-env/lib/python3.8/site-packages/airflow/example_dags/example_python_operator.py', '--cfg-path', '/tmp/tmphag6_1sk', '--error-file', '/tmp/tmp4ax7wwrl']
[2022-02-14 09:57:19,253] {standard_task_runner.py:77} INFO - Job 6: Subtask sleep_for_0
[2022-02-14 09:57:19,298] {logging_mixin.py:109} INFO - Running <TaskInstance: example_python_operator.sleep_for_0 manual__2022-02-14T15:57:09.027100+00:00 [running]> on host LAPTOP-GCF7F7F0.localdomain
[2022-02-14 09:57:19,351] {taskinstance.py:1424} INFO - Exporting the following env vars:
AIRFLOW_CTX_DAG_OWNER=airflow
AIRFLOW_CTX_DAG_ID=example_python_operator
AIRFLOW_CTX_TASK_ID=sleep_for_0
AIRFLOW_CTX_EXECUTION_DATE=2022-02-14T15:57:09.027100+00:00
AIRFLOW_CTX_DAG_RUN_ID=manual__2022-02-14T15:57:09.027100+00:00
[2022-02-14 09:57:19,351] {python.py:175} INFO - Done. Returned value was: None
[2022-02-14 09:57:19,356] {taskinstance.py:1267} INFO - Marking task as SUCCESS. dag_id=example_python_operator, task_id=sleep_for_0, execution_date=20220214T155709, start_date=20220214T155719, end_date=20220214T155719
[2022-02-14 09:57:19,384] {local_task_job.py:154} INFO - Task exited with return code 0
[2022-02-14 09:57:19,400] {local_task_job.py:264} INFO - 0 downstream tasks scheduled from follow-on schedule check
