[2022-02-14 10:05:39,702] {taskinstance.py:1032} INFO - Dependencies all met for <TaskInstance: pipe.print_hello scheduled__2022-02-13T00:00:00+00:00 [queued]>
[2022-02-14 10:05:39,710] {taskinstance.py:1032} INFO - Dependencies all met for <TaskInstance: pipe.print_hello scheduled__2022-02-13T00:00:00+00:00 [queued]>
[2022-02-14 10:05:39,710] {taskinstance.py:1238} INFO - 
--------------------------------------------------------------------------------
[2022-02-14 10:05:39,710] {taskinstance.py:1239} INFO - Starting attempt 1 of 1
[2022-02-14 10:05:39,710] {taskinstance.py:1240} INFO - 
--------------------------------------------------------------------------------
[2022-02-14 10:05:39,728] {taskinstance.py:1259} INFO - Executing <Task(PythonOperator): print_hello> on 2022-02-13 00:00:00+00:00
[2022-02-14 10:05:39,730] {standard_task_runner.py:52} INFO - Started process 5496 to run task
[2022-02-14 10:05:39,734] {standard_task_runner.py:76} INFO - Running: ['airflow', 'tasks', 'run', 'pipe', 'print_hello', 'scheduled__2022-02-13T00:00:00+00:00', '--job-id', '11', '--raw', '--subdir', 'DAGS_FOLDER/pipe.py', '--cfg-path', '/tmp/tmpii18n55k', '--error-file', '/tmp/tmpjkaadeux']
[2022-02-14 10:05:39,735] {standard_task_runner.py:77} INFO - Job 11: Subtask print_hello
[2022-02-14 10:05:39,810] {logging_mixin.py:109} INFO - Running <TaskInstance: pipe.print_hello scheduled__2022-02-13T00:00:00+00:00 [running]> on host LAPTOP-GCF7F7F0.localdomain
[2022-02-14 10:05:39,986] {taskinstance.py:1424} INFO - Exporting the following env vars:
AIRFLOW_CTX_DAG_OWNER=airflow
AIRFLOW_CTX_DAG_ID=pipe
AIRFLOW_CTX_TASK_ID=print_hello
AIRFLOW_CTX_EXECUTION_DATE=2022-02-13T00:00:00+00:00
AIRFLOW_CTX_DAG_RUN_ID=scheduled__2022-02-13T00:00:00+00:00
[2022-02-14 10:05:39,991] {logging_mixin.py:109} INFO - hello world
[2022-02-14 10:05:39,992] {python.py:175} INFO - Done. Returned value was: None
[2022-02-14 10:05:40,003] {taskinstance.py:1267} INFO - Marking task as SUCCESS. dag_id=pipe, task_id=print_hello, execution_date=20220213T000000, start_date=20220214T160539, end_date=20220214T160540
[2022-02-14 10:05:40,067] {local_task_job.py:154} INFO - Task exited with return code 0
[2022-02-14 10:05:40,085] {local_task_job.py:264} INFO - 0 downstream tasks scheduled from follow-on schedule check
