[2022-02-14 09:57:12,930] {taskinstance.py:1032} INFO - Dependencies all met for <TaskInstance: example_python_operator.print_the_context manual__2022-02-14T15:57:09.027100+00:00 [queued]>
[2022-02-14 09:57:12,948] {taskinstance.py:1032} INFO - Dependencies all met for <TaskInstance: example_python_operator.print_the_context manual__2022-02-14T15:57:09.027100+00:00 [queued]>
[2022-02-14 09:57:12,948] {taskinstance.py:1238} INFO - 
--------------------------------------------------------------------------------
[2022-02-14 09:57:12,949] {taskinstance.py:1239} INFO - Starting attempt 1 of 1
[2022-02-14 09:57:12,949] {taskinstance.py:1240} INFO - 
--------------------------------------------------------------------------------
[2022-02-14 09:57:12,976] {taskinstance.py:1259} INFO - Executing <Task(_PythonDecoratedOperator): print_the_context> on 2022-02-14 15:57:09.027100+00:00
[2022-02-14 09:57:12,992] {standard_task_runner.py:52} INFO - Started process 5024 to run task
[2022-02-14 09:57:13,054] {standard_task_runner.py:76} INFO - Running: ['airflow', 'tasks', 'run', 'example_python_operator', 'print_the_context', 'manual__2022-02-14T15:57:09.027100+00:00', '--job-id', '4', '--raw', '--subdir', '/home/astrid/challenge-env/lib/python3.8/site-packages/airflow/example_dags/example_python_operator.py', '--cfg-path', '/tmp/tmpj6gd7_kx', '--error-file', '/tmp/tmpcaa7lcg0']
[2022-02-14 09:57:13,057] {standard_task_runner.py:77} INFO - Job 4: Subtask print_the_context
[2022-02-14 09:57:13,427] {logging_mixin.py:109} INFO - Running <TaskInstance: example_python_operator.print_the_context manual__2022-02-14T15:57:09.027100+00:00 [running]> on host LAPTOP-GCF7F7F0.localdomain
[2022-02-14 09:57:13,557] {taskinstance.py:1424} INFO - Exporting the following env vars:
AIRFLOW_CTX_DAG_OWNER=airflow
AIRFLOW_CTX_DAG_ID=example_python_operator
AIRFLOW_CTX_TASK_ID=print_the_context
AIRFLOW_CTX_EXECUTION_DATE=2022-02-14T15:57:09.027100+00:00
AIRFLOW_CTX_DAG_RUN_ID=manual__2022-02-14T15:57:09.027100+00:00
[2022-02-14 09:57:13,603] {logging_mixin.py:109} WARNING - /home/astrid/challenge-env/lib/python3.8/site-packages/airflow/utils/context.py:152 AirflowContextDeprecationWarning: Accessing 'execution_date' from the template is deprecated and will be removed in a future version. Please use 'data_interval_start' or 'logical_date' instead.
[2022-02-14 09:57:13,605] {logging_mixin.py:109} WARNING - /home/astrid/challenge-env/lib/python3.8/site-packages/airflow/utils/context.py:152 AirflowContextDeprecationWarning: Accessing 'next_ds' from the template is deprecated and will be removed in a future version. Please use '{{ data_interval_end | ds }}' instead.
[2022-02-14 09:57:13,606] {logging_mixin.py:109} WARNING - /home/astrid/challenge-env/lib/python3.8/site-packages/airflow/utils/context.py:152 AirflowContextDeprecationWarning: Accessing 'next_ds_nodash' from the template is deprecated and will be removed in a future version. Please use '{{ data_interval_end | ds_nodash }}' instead.
[2022-02-14 09:57:13,608] {logging_mixin.py:109} WARNING - /home/astrid/challenge-env/lib/python3.8/site-packages/airflow/utils/context.py:152 AirflowContextDeprecationWarning: Accessing 'next_execution_date' from the template is deprecated and will be removed in a future version. Please use 'data_interval_end' instead.
[2022-02-14 09:57:13,609] {logging_mixin.py:109} WARNING - /home/astrid/challenge-env/lib/python3.8/site-packages/airflow/utils/context.py:152 AirflowContextDeprecationWarning: Accessing 'prev_ds' from the template is deprecated and will be removed in a future version.
[2022-02-14 09:57:13,610] {logging_mixin.py:109} WARNING - /home/astrid/challenge-env/lib/python3.8/site-packages/airflow/utils/context.py:152 AirflowContextDeprecationWarning: Accessing 'prev_ds_nodash' from the template is deprecated and will be removed in a future version.
[2022-02-14 09:57:13,611] {logging_mixin.py:109} WARNING - /home/astrid/challenge-env/lib/python3.8/site-packages/airflow/utils/context.py:152 AirflowContextDeprecationWarning: Accessing 'prev_execution_date' from the template is deprecated and will be removed in a future version.
[2022-02-14 09:57:13,613] {logging_mixin.py:109} WARNING - /home/astrid/challenge-env/lib/python3.8/site-packages/airflow/utils/context.py:152 AirflowContextDeprecationWarning: Accessing 'prev_execution_date_success' from the template is deprecated and will be removed in a future version. Please use 'prev_data_interval_start_success' instead.
[2022-02-14 09:57:13,614] {logging_mixin.py:109} WARNING - /home/astrid/challenge-env/lib/python3.8/site-packages/airflow/utils/context.py:152 AirflowContextDeprecationWarning: Accessing 'tomorrow_ds' from the template is deprecated and will be removed in a future version.
[2022-02-14 09:57:13,615] {logging_mixin.py:109} WARNING - /home/astrid/challenge-env/lib/python3.8/site-packages/airflow/utils/context.py:152 AirflowContextDeprecationWarning: Accessing 'tomorrow_ds_nodash' from the template is deprecated and will be removed in a future version.
[2022-02-14 09:57:13,616] {logging_mixin.py:109} WARNING - /home/astrid/challenge-env/lib/python3.8/site-packages/airflow/utils/context.py:152 AirflowContextDeprecationWarning: Accessing 'yesterday_ds' from the template is deprecated and will be removed in a future version.
[2022-02-14 09:57:13,617] {logging_mixin.py:109} WARNING - /home/astrid/challenge-env/lib/python3.8/site-packages/airflow/utils/context.py:152 AirflowContextDeprecationWarning: Accessing 'yesterday_ds_nodash' from the template is deprecated and will be removed in a future version.
[2022-02-14 09:57:13,626] {logging_mixin.py:109} INFO - {'conf': <airflow.configuration.AirflowConfigParser object at 0x7f4f65e17a90>,
 'conn': None,
 'dag': <DAG: example_python_operator>,
 'dag_run': <DagRun example_python_operator @ 2022-02-14 15:57:09.027100+00:00: manual__2022-02-14T15:57:09.027100+00:00, externally triggered: True>,
 'data_interval_end': DateTime(2022, 2, 14, 15, 57, 9, 27100, tzinfo=Timezone('UTC')),
 'data_interval_start': DateTime(2022, 2, 14, 15, 57, 9, 27100, tzinfo=Timezone('UTC')),
 'ds_nodash': '20220214',
 'execution_date': DateTime(2022, 2, 14, 15, 57, 9, 27100, tzinfo=Timezone('UTC')),
 'inlets': [],
 'logical_date': DateTime(2022, 2, 14, 15, 57, 9, 27100, tzinfo=Timezone('UTC')),
 'macros': <module 'airflow.macros' from '/home/astrid/challenge-env/lib/python3.8/site-packages/airflow/macros/__init__.py'>,
 'next_ds': '2022-02-14',
 'next_ds_nodash': '20220214',
 'next_execution_date': DateTime(2022, 2, 14, 15, 57, 9, 27100, tzinfo=Timezone('UTC')),
 'outlets': [],
 'params': {},
 'prev_data_interval_end_success': None,
 'prev_data_interval_start_success': None,
 'prev_ds': '2022-02-14',
 'prev_ds_nodash': '20220214',
 'prev_execution_date': DateTime(2022, 2, 14, 15, 57, 9, 27100, tzinfo=Timezone('UTC')),
 'prev_execution_date_success': None,
 'prev_start_date_success': None,
 'run_id': 'manual__2022-02-14T15:57:09.027100+00:00',
 'task': <Task(_PythonDecoratedOperator): print_the_context>,
 'task_instance': <TaskInstance: example_python_operator.print_the_context manual__2022-02-14T15:57:09.027100+00:00 [running]>,
 'task_instance_key_str': 'example_python_operator__print_the_context__20220214',
 'templates_dict': None,
 'test_mode': False,
 'ti': <TaskInstance: example_python_operator.print_the_context manual__2022-02-14T15:57:09.027100+00:00 [running]>,
 'tomorrow_ds': '2022-02-15',
 'tomorrow_ds_nodash': '20220215',
 'ts': '2022-02-14T15:57:09.027100+00:00',
 'ts_nodash': '20220214T155709',
 'ts_nodash_with_tz': '20220214T155709.027100+0000',
 'var': {'json': None, 'value': None},
 'yesterday_ds': '2022-02-13',
 'yesterday_ds_nodash': '20220213'}
[2022-02-14 09:57:13,626] {logging_mixin.py:109} INFO - 2022-02-14
[2022-02-14 09:57:13,626] {python.py:175} INFO - Done. Returned value was: Whatever you return gets printed in the logs
[2022-02-14 09:57:13,660] {taskinstance.py:1267} INFO - Marking task as SUCCESS. dag_id=example_python_operator, task_id=print_the_context, execution_date=20220214T155709, start_date=20220214T155712, end_date=20220214T155713
[2022-02-14 09:57:13,722] {local_task_job.py:154} INFO - Task exited with return code 0
[2022-02-14 09:57:13,774] {local_task_job.py:264} INFO - 5 downstream tasks scheduled from follow-on schedule check
