[2022-02-14 10:10:46,950] {processor.py:163} INFO - Started process (PID=6171) to work on /home/astrid/airflow/dags/app_data.xlsx
[2022-02-14 10:10:46,951] {processor.py:642} INFO - Processing file /home/astrid/airflow/dags/app_data.xlsx for tasks to queue
[2022-02-14 10:10:46,951] {logging_mixin.py:109} INFO - [2022-02-14 10:10:46,951] {dagbag.py:500} INFO - Filling up the DagBag from /home/astrid/airflow/dags/app_data.xlsx
[2022-02-14 10:10:46,960] {processor.py:656} WARNING - No viable dags retrieved from /home/astrid/airflow/dags/app_data.xlsx
[2022-02-14 10:10:46,962] {processor.py:171} INFO - Processing /home/astrid/airflow/dags/app_data.xlsx took 0.014 seconds
[2022-02-14 10:11:34,412] {processor.py:163} INFO - Started process (PID=6235) to work on /home/astrid/airflow/dags/app_data.xlsx
[2022-02-14 10:11:34,458] {processor.py:642} INFO - Processing file /home/astrid/airflow/dags/app_data.xlsx for tasks to queue
[2022-02-14 10:11:34,471] {logging_mixin.py:109} INFO - [2022-02-14 10:11:34,469] {dagbag.py:500} INFO - Filling up the DagBag from /home/astrid/airflow/dags/app_data.xlsx
[2022-02-14 10:11:34,723] {processor.py:656} WARNING - No viable dags retrieved from /home/astrid/airflow/dags/app_data.xlsx
[2022-02-14 10:11:34,742] {processor.py:171} INFO - Processing /home/astrid/airflow/dags/app_data.xlsx took 0.418 seconds
[2022-02-14 10:12:23,775] {processor.py:163} INFO - Started process (PID=6272) to work on /home/astrid/airflow/dags/app_data.xlsx
[2022-02-14 10:12:23,777] {processor.py:642} INFO - Processing file /home/astrid/airflow/dags/app_data.xlsx for tasks to queue
[2022-02-14 10:12:23,777] {logging_mixin.py:109} INFO - [2022-02-14 10:12:23,777] {dagbag.py:500} INFO - Filling up the DagBag from /home/astrid/airflow/dags/app_data.xlsx
[2022-02-14 10:12:23,794] {processor.py:656} WARNING - No viable dags retrieved from /home/astrid/airflow/dags/app_data.xlsx
[2022-02-14 10:12:23,798] {processor.py:171} INFO - Processing /home/astrid/airflow/dags/app_data.xlsx took 0.027 seconds
[2022-02-14 10:13:12,728] {processor.py:163} INFO - Started process (PID=6335) to work on /home/astrid/airflow/dags/app_data.xlsx
[2022-02-14 10:13:12,730] {processor.py:642} INFO - Processing file /home/astrid/airflow/dags/app_data.xlsx for tasks to queue
[2022-02-14 10:13:12,730] {logging_mixin.py:109} INFO - [2022-02-14 10:13:12,730] {dagbag.py:500} INFO - Filling up the DagBag from /home/astrid/airflow/dags/app_data.xlsx
[2022-02-14 10:13:12,739] {processor.py:656} WARNING - No viable dags retrieved from /home/astrid/airflow/dags/app_data.xlsx
[2022-02-14 10:13:12,743] {processor.py:171} INFO - Processing /home/astrid/airflow/dags/app_data.xlsx took 0.016 seconds
[2022-02-14 10:13:54,027] {processor.py:163} INFO - Started process (PID=6380) to work on /home/astrid/airflow/dags/app_data.xlsx
[2022-02-14 10:13:54,030] {processor.py:642} INFO - Processing file /home/astrid/airflow/dags/app_data.xlsx for tasks to queue
[2022-02-14 10:13:54,031] {logging_mixin.py:109} INFO - [2022-02-14 10:13:54,030] {dagbag.py:500} INFO - Filling up the DagBag from /home/astrid/airflow/dags/app_data.xlsx
[2022-02-14 10:13:54,041] {processor.py:656} WARNING - No viable dags retrieved from /home/astrid/airflow/dags/app_data.xlsx
[2022-02-14 10:13:54,043] {processor.py:171} INFO - Processing /home/astrid/airflow/dags/app_data.xlsx took 0.019 seconds
[2022-02-14 10:14:45,877] {processor.py:163} INFO - Started process (PID=6457) to work on /home/astrid/airflow/dags/app_data.xlsx
[2022-02-14 10:14:45,878] {processor.py:642} INFO - Processing file /home/astrid/airflow/dags/app_data.xlsx for tasks to queue
[2022-02-14 10:14:45,879] {logging_mixin.py:109} INFO - [2022-02-14 10:14:45,879] {dagbag.py:500} INFO - Filling up the DagBag from /home/astrid/airflow/dags/app_data.xlsx
[2022-02-14 10:14:45,891] {processor.py:656} WARNING - No viable dags retrieved from /home/astrid/airflow/dags/app_data.xlsx
[2022-02-14 10:14:45,894] {processor.py:171} INFO - Processing /home/astrid/airflow/dags/app_data.xlsx took 0.018 seconds
[2022-02-14 10:15:27,935] {processor.py:163} INFO - Started process (PID=6506) to work on /home/astrid/airflow/dags/app_data.xlsx
[2022-02-14 10:15:27,944] {processor.py:642} INFO - Processing file /home/astrid/airflow/dags/app_data.xlsx for tasks to queue
[2022-02-14 10:15:27,945] {logging_mixin.py:109} INFO - [2022-02-14 10:15:27,945] {dagbag.py:500} INFO - Filling up the DagBag from /home/astrid/airflow/dags/app_data.xlsx
[2022-02-14 10:15:27,954] {processor.py:656} WARNING - No viable dags retrieved from /home/astrid/airflow/dags/app_data.xlsx
[2022-02-14 10:15:27,957] {processor.py:171} INFO - Processing /home/astrid/airflow/dags/app_data.xlsx took 0.024 seconds
[2022-02-14 10:16:17,045] {processor.py:163} INFO - Started process (PID=6572) to work on /home/astrid/airflow/dags/app_data.xlsx
[2022-02-14 10:16:17,054] {processor.py:642} INFO - Processing file /home/astrid/airflow/dags/app_data.xlsx for tasks to queue
[2022-02-14 10:16:17,055] {logging_mixin.py:109} INFO - [2022-02-14 10:16:17,055] {dagbag.py:500} INFO - Filling up the DagBag from /home/astrid/airflow/dags/app_data.xlsx
[2022-02-14 10:16:17,066] {processor.py:656} WARNING - No viable dags retrieved from /home/astrid/airflow/dags/app_data.xlsx
[2022-02-14 10:16:17,068] {processor.py:171} INFO - Processing /home/astrid/airflow/dags/app_data.xlsx took 0.026 seconds
[2022-02-14 10:16:57,751] {processor.py:163} INFO - Started process (PID=6619) to work on /home/astrid/airflow/dags/app_data.xlsx
[2022-02-14 10:16:57,753] {processor.py:642} INFO - Processing file /home/astrid/airflow/dags/app_data.xlsx for tasks to queue
[2022-02-14 10:16:57,754] {logging_mixin.py:109} INFO - [2022-02-14 10:16:57,754] {dagbag.py:500} INFO - Filling up the DagBag from /home/astrid/airflow/dags/app_data.xlsx
[2022-02-14 10:16:57,766] {processor.py:656} WARNING - No viable dags retrieved from /home/astrid/airflow/dags/app_data.xlsx
[2022-02-14 10:16:57,769] {processor.py:171} INFO - Processing /home/astrid/airflow/dags/app_data.xlsx took 0.021 seconds
[2022-02-14 10:17:43,023] {processor.py:163} INFO - Started process (PID=6667) to work on /home/astrid/airflow/dags/app_data.xlsx
[2022-02-14 10:17:43,027] {processor.py:642} INFO - Processing file /home/astrid/airflow/dags/app_data.xlsx for tasks to queue
[2022-02-14 10:17:43,028] {logging_mixin.py:109} INFO - [2022-02-14 10:17:43,028] {dagbag.py:500} INFO - Filling up the DagBag from /home/astrid/airflow/dags/app_data.xlsx
[2022-02-14 10:17:43,043] {processor.py:656} WARNING - No viable dags retrieved from /home/astrid/airflow/dags/app_data.xlsx
[2022-02-14 10:17:43,046] {processor.py:171} INFO - Processing /home/astrid/airflow/dags/app_data.xlsx took 0.028 seconds
[2022-02-14 10:18:28,088] {processor.py:163} INFO - Started process (PID=6719) to work on /home/astrid/airflow/dags/app_data.xlsx
[2022-02-14 10:18:28,089] {processor.py:642} INFO - Processing file /home/astrid/airflow/dags/app_data.xlsx for tasks to queue
[2022-02-14 10:18:28,090] {logging_mixin.py:109} INFO - [2022-02-14 10:18:28,090] {dagbag.py:500} INFO - Filling up the DagBag from /home/astrid/airflow/dags/app_data.xlsx
[2022-02-14 10:18:28,100] {processor.py:656} WARNING - No viable dags retrieved from /home/astrid/airflow/dags/app_data.xlsx
[2022-02-14 10:18:28,103] {processor.py:171} INFO - Processing /home/astrid/airflow/dags/app_data.xlsx took 0.017 seconds
[2022-02-14 10:19:16,256] {processor.py:163} INFO - Started process (PID=6769) to work on /home/astrid/airflow/dags/app_data.xlsx
[2022-02-14 10:19:16,264] {processor.py:642} INFO - Processing file /home/astrid/airflow/dags/app_data.xlsx for tasks to queue
[2022-02-14 10:19:16,265] {logging_mixin.py:109} INFO - [2022-02-14 10:19:16,265] {dagbag.py:500} INFO - Filling up the DagBag from /home/astrid/airflow/dags/app_data.xlsx
[2022-02-14 10:19:16,274] {processor.py:656} WARNING - No viable dags retrieved from /home/astrid/airflow/dags/app_data.xlsx
[2022-02-14 10:19:16,276] {processor.py:171} INFO - Processing /home/astrid/airflow/dags/app_data.xlsx took 0.023 seconds
[2022-02-14 10:20:02,397] {processor.py:163} INFO - Started process (PID=6818) to work on /home/astrid/airflow/dags/app_data.xlsx
[2022-02-14 10:20:02,399] {processor.py:642} INFO - Processing file /home/astrid/airflow/dags/app_data.xlsx for tasks to queue
[2022-02-14 10:20:02,400] {logging_mixin.py:109} INFO - [2022-02-14 10:20:02,400] {dagbag.py:500} INFO - Filling up the DagBag from /home/astrid/airflow/dags/app_data.xlsx
[2022-02-14 10:20:02,410] {processor.py:656} WARNING - No viable dags retrieved from /home/astrid/airflow/dags/app_data.xlsx
[2022-02-14 10:20:02,414] {processor.py:171} INFO - Processing /home/astrid/airflow/dags/app_data.xlsx took 0.020 seconds
[2022-02-14 10:20:44,303] {processor.py:163} INFO - Started process (PID=6872) to work on /home/astrid/airflow/dags/app_data.xlsx
[2022-02-14 10:20:44,312] {processor.py:642} INFO - Processing file /home/astrid/airflow/dags/app_data.xlsx for tasks to queue
[2022-02-14 10:20:44,313] {logging_mixin.py:109} INFO - [2022-02-14 10:20:44,313] {dagbag.py:500} INFO - Filling up the DagBag from /home/astrid/airflow/dags/app_data.xlsx
[2022-02-14 10:20:44,325] {processor.py:656} WARNING - No viable dags retrieved from /home/astrid/airflow/dags/app_data.xlsx
[2022-02-14 10:20:44,331] {processor.py:171} INFO - Processing /home/astrid/airflow/dags/app_data.xlsx took 0.030 seconds
[2022-02-14 10:21:29,650] {processor.py:163} INFO - Started process (PID=6922) to work on /home/astrid/airflow/dags/app_data.xlsx
[2022-02-14 10:21:29,652] {processor.py:642} INFO - Processing file /home/astrid/airflow/dags/app_data.xlsx for tasks to queue
[2022-02-14 10:21:29,653] {logging_mixin.py:109} INFO - [2022-02-14 10:21:29,653] {dagbag.py:500} INFO - Filling up the DagBag from /home/astrid/airflow/dags/app_data.xlsx
[2022-02-14 10:21:29,665] {processor.py:656} WARNING - No viable dags retrieved from /home/astrid/airflow/dags/app_data.xlsx
[2022-02-14 10:21:29,668] {processor.py:171} INFO - Processing /home/astrid/airflow/dags/app_data.xlsx took 0.021 seconds
[2022-02-14 10:22:12,415] {processor.py:163} INFO - Started process (PID=6977) to work on /home/astrid/airflow/dags/app_data.xlsx
[2022-02-14 10:22:12,417] {processor.py:642} INFO - Processing file /home/astrid/airflow/dags/app_data.xlsx for tasks to queue
[2022-02-14 10:22:12,418] {logging_mixin.py:109} INFO - [2022-02-14 10:22:12,418] {dagbag.py:500} INFO - Filling up the DagBag from /home/astrid/airflow/dags/app_data.xlsx
[2022-02-14 10:22:12,430] {processor.py:656} WARNING - No viable dags retrieved from /home/astrid/airflow/dags/app_data.xlsx
[2022-02-14 10:22:12,435] {processor.py:171} INFO - Processing /home/astrid/airflow/dags/app_data.xlsx took 0.024 seconds
[2022-02-14 10:23:03,221] {processor.py:163} INFO - Started process (PID=7028) to work on /home/astrid/airflow/dags/app_data.xlsx
[2022-02-14 10:23:03,229] {processor.py:642} INFO - Processing file /home/astrid/airflow/dags/app_data.xlsx for tasks to queue
[2022-02-14 10:23:03,230] {logging_mixin.py:109} INFO - [2022-02-14 10:23:03,230] {dagbag.py:500} INFO - Filling up the DagBag from /home/astrid/airflow/dags/app_data.xlsx
[2022-02-14 10:23:03,240] {processor.py:656} WARNING - No viable dags retrieved from /home/astrid/airflow/dags/app_data.xlsx
[2022-02-14 10:23:03,243] {processor.py:171} INFO - Processing /home/astrid/airflow/dags/app_data.xlsx took 0.024 seconds
[2022-02-14 10:23:54,978] {processor.py:163} INFO - Started process (PID=7097) to work on /home/astrid/airflow/dags/app_data.xlsx
[2022-02-14 10:23:54,987] {processor.py:642} INFO - Processing file /home/astrid/airflow/dags/app_data.xlsx for tasks to queue
[2022-02-14 10:23:54,987] {logging_mixin.py:109} INFO - [2022-02-14 10:23:54,987] {dagbag.py:500} INFO - Filling up the DagBag from /home/astrid/airflow/dags/app_data.xlsx
[2022-02-14 10:23:54,998] {processor.py:656} WARNING - No viable dags retrieved from /home/astrid/airflow/dags/app_data.xlsx
[2022-02-14 10:23:55,001] {processor.py:171} INFO - Processing /home/astrid/airflow/dags/app_data.xlsx took 0.025 seconds
[2022-02-14 10:24:38,628] {processor.py:163} INFO - Started process (PID=7145) to work on /home/astrid/airflow/dags/app_data.xlsx
[2022-02-14 10:24:38,637] {processor.py:642} INFO - Processing file /home/astrid/airflow/dags/app_data.xlsx for tasks to queue
[2022-02-14 10:24:38,638] {logging_mixin.py:109} INFO - [2022-02-14 10:24:38,638] {dagbag.py:500} INFO - Filling up the DagBag from /home/astrid/airflow/dags/app_data.xlsx
[2022-02-14 10:24:38,646] {processor.py:656} WARNING - No viable dags retrieved from /home/astrid/airflow/dags/app_data.xlsx
[2022-02-14 10:24:38,649] {processor.py:171} INFO - Processing /home/astrid/airflow/dags/app_data.xlsx took 0.023 seconds
[2022-02-14 10:25:20,454] {processor.py:163} INFO - Started process (PID=7188) to work on /home/astrid/airflow/dags/app_data.xlsx
[2022-02-14 10:25:20,456] {processor.py:642} INFO - Processing file /home/astrid/airflow/dags/app_data.xlsx for tasks to queue
[2022-02-14 10:25:20,457] {logging_mixin.py:109} INFO - [2022-02-14 10:25:20,456] {dagbag.py:500} INFO - Filling up the DagBag from /home/astrid/airflow/dags/app_data.xlsx
[2022-02-14 10:25:20,465] {processor.py:656} WARNING - No viable dags retrieved from /home/astrid/airflow/dags/app_data.xlsx
[2022-02-14 10:25:20,470] {processor.py:171} INFO - Processing /home/astrid/airflow/dags/app_data.xlsx took 0.018 seconds
[2022-02-14 10:26:14,320] {processor.py:163} INFO - Started process (PID=7241) to work on /home/astrid/airflow/dags/app_data.xlsx
[2022-02-14 10:26:14,321] {processor.py:642} INFO - Processing file /home/astrid/airflow/dags/app_data.xlsx for tasks to queue
[2022-02-14 10:26:14,322] {logging_mixin.py:109} INFO - [2022-02-14 10:26:14,322] {dagbag.py:500} INFO - Filling up the DagBag from /home/astrid/airflow/dags/app_data.xlsx
[2022-02-14 10:26:14,333] {processor.py:656} WARNING - No viable dags retrieved from /home/astrid/airflow/dags/app_data.xlsx
[2022-02-14 10:26:14,335] {processor.py:171} INFO - Processing /home/astrid/airflow/dags/app_data.xlsx took 0.018 seconds
[2022-02-14 10:26:56,630] {processor.py:163} INFO - Started process (PID=7293) to work on /home/astrid/airflow/dags/app_data.xlsx
[2022-02-14 10:26:56,639] {processor.py:642} INFO - Processing file /home/astrid/airflow/dags/app_data.xlsx for tasks to queue
[2022-02-14 10:26:56,639] {logging_mixin.py:109} INFO - [2022-02-14 10:26:56,639] {dagbag.py:500} INFO - Filling up the DagBag from /home/astrid/airflow/dags/app_data.xlsx
[2022-02-14 10:26:56,649] {processor.py:656} WARNING - No viable dags retrieved from /home/astrid/airflow/dags/app_data.xlsx
[2022-02-14 10:26:56,652] {processor.py:171} INFO - Processing /home/astrid/airflow/dags/app_data.xlsx took 0.025 seconds
[2022-02-14 10:27:36,321] {processor.py:163} INFO - Started process (PID=7336) to work on /home/astrid/airflow/dags/app_data.xlsx
[2022-02-14 10:27:36,330] {processor.py:642} INFO - Processing file /home/astrid/airflow/dags/app_data.xlsx for tasks to queue
[2022-02-14 10:27:36,330] {logging_mixin.py:109} INFO - [2022-02-14 10:27:36,330] {dagbag.py:500} INFO - Filling up the DagBag from /home/astrid/airflow/dags/app_data.xlsx
[2022-02-14 10:27:36,339] {processor.py:656} WARNING - No viable dags retrieved from /home/astrid/airflow/dags/app_data.xlsx
[2022-02-14 10:27:36,343] {processor.py:171} INFO - Processing /home/astrid/airflow/dags/app_data.xlsx took 0.024 seconds
[2022-02-14 10:28:21,193] {processor.py:163} INFO - Started process (PID=7383) to work on /home/astrid/airflow/dags/app_data.xlsx
[2022-02-14 10:28:21,194] {processor.py:642} INFO - Processing file /home/astrid/airflow/dags/app_data.xlsx for tasks to queue
[2022-02-14 10:28:21,195] {logging_mixin.py:109} INFO - [2022-02-14 10:28:21,195] {dagbag.py:500} INFO - Filling up the DagBag from /home/astrid/airflow/dags/app_data.xlsx
[2022-02-14 10:28:21,206] {processor.py:656} WARNING - No viable dags retrieved from /home/astrid/airflow/dags/app_data.xlsx
[2022-02-14 10:28:21,209] {processor.py:171} INFO - Processing /home/astrid/airflow/dags/app_data.xlsx took 0.019 seconds
[2022-02-14 10:29:01,131] {processor.py:163} INFO - Started process (PID=7426) to work on /home/astrid/airflow/dags/app_data.xlsx
[2022-02-14 10:29:01,132] {processor.py:642} INFO - Processing file /home/astrid/airflow/dags/app_data.xlsx for tasks to queue
[2022-02-14 10:29:01,133] {logging_mixin.py:109} INFO - [2022-02-14 10:29:01,132] {dagbag.py:500} INFO - Filling up the DagBag from /home/astrid/airflow/dags/app_data.xlsx
[2022-02-14 10:29:01,143] {processor.py:656} WARNING - No viable dags retrieved from /home/astrid/airflow/dags/app_data.xlsx
[2022-02-14 10:29:01,145] {processor.py:171} INFO - Processing /home/astrid/airflow/dags/app_data.xlsx took 0.017 seconds
[2022-02-14 10:29:44,296] {processor.py:163} INFO - Started process (PID=7478) to work on /home/astrid/airflow/dags/app_data.xlsx
[2022-02-14 10:29:44,298] {processor.py:642} INFO - Processing file /home/astrid/airflow/dags/app_data.xlsx for tasks to queue
[2022-02-14 10:29:44,299] {logging_mixin.py:109} INFO - [2022-02-14 10:29:44,299] {dagbag.py:500} INFO - Filling up the DagBag from /home/astrid/airflow/dags/app_data.xlsx
[2022-02-14 10:29:44,314] {processor.py:656} WARNING - No viable dags retrieved from /home/astrid/airflow/dags/app_data.xlsx
[2022-02-14 10:29:44,319] {processor.py:171} INFO - Processing /home/astrid/airflow/dags/app_data.xlsx took 0.027 seconds
[2022-02-14 10:30:27,695] {processor.py:163} INFO - Started process (PID=7525) to work on /home/astrid/airflow/dags/app_data.xlsx
[2022-02-14 10:30:27,704] {processor.py:642} INFO - Processing file /home/astrid/airflow/dags/app_data.xlsx for tasks to queue
[2022-02-14 10:30:27,705] {logging_mixin.py:109} INFO - [2022-02-14 10:30:27,704] {dagbag.py:500} INFO - Filling up the DagBag from /home/astrid/airflow/dags/app_data.xlsx
[2022-02-14 10:30:27,716] {processor.py:656} WARNING - No viable dags retrieved from /home/astrid/airflow/dags/app_data.xlsx
[2022-02-14 10:30:27,720] {processor.py:171} INFO - Processing /home/astrid/airflow/dags/app_data.xlsx took 0.028 seconds
[2022-02-14 10:31:14,805] {processor.py:163} INFO - Started process (PID=7576) to work on /home/astrid/airflow/dags/app_data.xlsx
[2022-02-14 10:31:14,807] {processor.py:642} INFO - Processing file /home/astrid/airflow/dags/app_data.xlsx for tasks to queue
[2022-02-14 10:31:14,808] {logging_mixin.py:109} INFO - [2022-02-14 10:31:14,808] {dagbag.py:500} INFO - Filling up the DagBag from /home/astrid/airflow/dags/app_data.xlsx
[2022-02-14 10:31:14,820] {processor.py:656} WARNING - No viable dags retrieved from /home/astrid/airflow/dags/app_data.xlsx
[2022-02-14 10:31:14,824] {processor.py:171} INFO - Processing /home/astrid/airflow/dags/app_data.xlsx took 0.021 seconds
[2022-02-14 10:31:54,463] {processor.py:163} INFO - Started process (PID=7619) to work on /home/astrid/airflow/dags/app_data.xlsx
[2022-02-14 10:31:54,471] {processor.py:642} INFO - Processing file /home/astrid/airflow/dags/app_data.xlsx for tasks to queue
[2022-02-14 10:31:54,472] {logging_mixin.py:109} INFO - [2022-02-14 10:31:54,472] {dagbag.py:500} INFO - Filling up the DagBag from /home/astrid/airflow/dags/app_data.xlsx
[2022-02-14 10:31:54,482] {processor.py:656} WARNING - No viable dags retrieved from /home/astrid/airflow/dags/app_data.xlsx
[2022-02-14 10:31:54,485] {processor.py:171} INFO - Processing /home/astrid/airflow/dags/app_data.xlsx took 0.026 seconds
[2022-02-14 10:32:33,673] {processor.py:163} INFO - Started process (PID=7662) to work on /home/astrid/airflow/dags/app_data.xlsx
[2022-02-14 10:32:33,676] {processor.py:642} INFO - Processing file /home/astrid/airflow/dags/app_data.xlsx for tasks to queue
[2022-02-14 10:32:33,676] {logging_mixin.py:109} INFO - [2022-02-14 10:32:33,676] {dagbag.py:500} INFO - Filling up the DagBag from /home/astrid/airflow/dags/app_data.xlsx
[2022-02-14 10:32:33,686] {processor.py:656} WARNING - No viable dags retrieved from /home/astrid/airflow/dags/app_data.xlsx
[2022-02-14 10:32:33,689] {processor.py:171} INFO - Processing /home/astrid/airflow/dags/app_data.xlsx took 0.018 seconds
[2022-02-14 10:33:13,854] {processor.py:163} INFO - Started process (PID=7705) to work on /home/astrid/airflow/dags/app_data.xlsx
[2022-02-14 10:33:13,863] {processor.py:642} INFO - Processing file /home/astrid/airflow/dags/app_data.xlsx for tasks to queue
[2022-02-14 10:33:13,865] {logging_mixin.py:109} INFO - [2022-02-14 10:33:13,864] {dagbag.py:500} INFO - Filling up the DagBag from /home/astrid/airflow/dags/app_data.xlsx
[2022-02-14 10:33:13,881] {processor.py:656} WARNING - No viable dags retrieved from /home/astrid/airflow/dags/app_data.xlsx
[2022-02-14 10:33:13,885] {processor.py:171} INFO - Processing /home/astrid/airflow/dags/app_data.xlsx took 0.038 seconds
[2022-02-14 10:34:01,181] {processor.py:163} INFO - Started process (PID=7756) to work on /home/astrid/airflow/dags/app_data.xlsx
[2022-02-14 10:34:01,183] {processor.py:642} INFO - Processing file /home/astrid/airflow/dags/app_data.xlsx for tasks to queue
[2022-02-14 10:34:01,184] {logging_mixin.py:109} INFO - [2022-02-14 10:34:01,184] {dagbag.py:500} INFO - Filling up the DagBag from /home/astrid/airflow/dags/app_data.xlsx
[2022-02-14 10:34:01,198] {processor.py:656} WARNING - No viable dags retrieved from /home/astrid/airflow/dags/app_data.xlsx
[2022-02-14 10:34:01,201] {processor.py:171} INFO - Processing /home/astrid/airflow/dags/app_data.xlsx took 0.023 seconds
[2022-02-14 10:34:43,291] {processor.py:163} INFO - Started process (PID=7807) to work on /home/astrid/airflow/dags/app_data.xlsx
[2022-02-14 10:34:43,293] {processor.py:642} INFO - Processing file /home/astrid/airflow/dags/app_data.xlsx for tasks to queue
[2022-02-14 10:34:43,293] {logging_mixin.py:109} INFO - [2022-02-14 10:34:43,293] {dagbag.py:500} INFO - Filling up the DagBag from /home/astrid/airflow/dags/app_data.xlsx
[2022-02-14 10:34:43,306] {processor.py:656} WARNING - No viable dags retrieved from /home/astrid/airflow/dags/app_data.xlsx
[2022-02-14 10:34:43,309] {processor.py:171} INFO - Processing /home/astrid/airflow/dags/app_data.xlsx took 0.021 seconds
[2022-02-14 10:35:24,940] {processor.py:163} INFO - Started process (PID=7852) to work on /home/astrid/airflow/dags/app_data.xlsx
[2022-02-14 10:35:24,943] {processor.py:642} INFO - Processing file /home/astrid/airflow/dags/app_data.xlsx for tasks to queue
[2022-02-14 10:35:24,943] {logging_mixin.py:109} INFO - [2022-02-14 10:35:24,943] {dagbag.py:500} INFO - Filling up the DagBag from /home/astrid/airflow/dags/app_data.xlsx
[2022-02-14 10:35:24,951] {processor.py:656} WARNING - No viable dags retrieved from /home/astrid/airflow/dags/app_data.xlsx
[2022-02-14 10:35:24,954] {processor.py:171} INFO - Processing /home/astrid/airflow/dags/app_data.xlsx took 0.017 seconds
[2022-02-14 10:36:05,425] {processor.py:163} INFO - Started process (PID=7895) to work on /home/astrid/airflow/dags/app_data.xlsx
[2022-02-14 10:36:05,433] {processor.py:642} INFO - Processing file /home/astrid/airflow/dags/app_data.xlsx for tasks to queue
[2022-02-14 10:36:05,434] {logging_mixin.py:109} INFO - [2022-02-14 10:36:05,434] {dagbag.py:500} INFO - Filling up the DagBag from /home/astrid/airflow/dags/app_data.xlsx
[2022-02-14 10:36:05,443] {processor.py:656} WARNING - No viable dags retrieved from /home/astrid/airflow/dags/app_data.xlsx
[2022-02-14 10:36:05,446] {processor.py:171} INFO - Processing /home/astrid/airflow/dags/app_data.xlsx took 0.023 seconds
[2022-02-14 10:36:48,350] {processor.py:163} INFO - Started process (PID=7940) to work on /home/astrid/airflow/dags/app_data.xlsx
[2022-02-14 10:36:48,359] {processor.py:642} INFO - Processing file /home/astrid/airflow/dags/app_data.xlsx for tasks to queue
[2022-02-14 10:36:48,360] {logging_mixin.py:109} INFO - [2022-02-14 10:36:48,360] {dagbag.py:500} INFO - Filling up the DagBag from /home/astrid/airflow/dags/app_data.xlsx
[2022-02-14 10:36:48,370] {processor.py:656} WARNING - No viable dags retrieved from /home/astrid/airflow/dags/app_data.xlsx
[2022-02-14 10:36:48,373] {processor.py:171} INFO - Processing /home/astrid/airflow/dags/app_data.xlsx took 0.025 seconds
[2022-02-14 10:37:29,269] {processor.py:163} INFO - Started process (PID=7992) to work on /home/astrid/airflow/dags/app_data.xlsx
[2022-02-14 10:37:29,271] {processor.py:642} INFO - Processing file /home/astrid/airflow/dags/app_data.xlsx for tasks to queue
[2022-02-14 10:37:29,271] {logging_mixin.py:109} INFO - [2022-02-14 10:37:29,271] {dagbag.py:500} INFO - Filling up the DagBag from /home/astrid/airflow/dags/app_data.xlsx
[2022-02-14 10:37:29,280] {processor.py:656} WARNING - No viable dags retrieved from /home/astrid/airflow/dags/app_data.xlsx
[2022-02-14 10:37:29,283] {processor.py:171} INFO - Processing /home/astrid/airflow/dags/app_data.xlsx took 0.015 seconds
[2022-02-14 10:38:17,069] {processor.py:163} INFO - Started process (PID=8043) to work on /home/astrid/airflow/dags/app_data.xlsx
[2022-02-14 10:38:17,070] {processor.py:642} INFO - Processing file /home/astrid/airflow/dags/app_data.xlsx for tasks to queue
[2022-02-14 10:38:17,071] {logging_mixin.py:109} INFO - [2022-02-14 10:38:17,071] {dagbag.py:500} INFO - Filling up the DagBag from /home/astrid/airflow/dags/app_data.xlsx
[2022-02-14 10:38:17,082] {processor.py:656} WARNING - No viable dags retrieved from /home/astrid/airflow/dags/app_data.xlsx
[2022-02-14 10:38:17,085] {processor.py:171} INFO - Processing /home/astrid/airflow/dags/app_data.xlsx took 0.019 seconds
[2022-02-14 10:39:14,269] {processor.py:163} INFO - Started process (PID=8106) to work on /home/astrid/airflow/dags/app_data.xlsx
[2022-02-14 10:39:14,271] {processor.py:642} INFO - Processing file /home/astrid/airflow/dags/app_data.xlsx for tasks to queue
[2022-02-14 10:39:14,272] {logging_mixin.py:109} INFO - [2022-02-14 10:39:14,271] {dagbag.py:500} INFO - Filling up the DagBag from /home/astrid/airflow/dags/app_data.xlsx
[2022-02-14 10:39:14,282] {processor.py:656} WARNING - No viable dags retrieved from /home/astrid/airflow/dags/app_data.xlsx
[2022-02-14 10:39:14,286] {processor.py:171} INFO - Processing /home/astrid/airflow/dags/app_data.xlsx took 0.019 seconds
[2022-02-14 10:39:55,003] {processor.py:163} INFO - Started process (PID=8150) to work on /home/astrid/airflow/dags/app_data.xlsx
[2022-02-14 10:39:55,004] {processor.py:642} INFO - Processing file /home/astrid/airflow/dags/app_data.xlsx for tasks to queue
[2022-02-14 10:39:55,005] {logging_mixin.py:109} INFO - [2022-02-14 10:39:55,005] {dagbag.py:500} INFO - Filling up the DagBag from /home/astrid/airflow/dags/app_data.xlsx
[2022-02-14 10:39:55,014] {processor.py:656} WARNING - No viable dags retrieved from /home/astrid/airflow/dags/app_data.xlsx
[2022-02-14 10:39:55,016] {processor.py:171} INFO - Processing /home/astrid/airflow/dags/app_data.xlsx took 0.016 seconds
[2022-02-14 10:40:35,367] {processor.py:163} INFO - Started process (PID=8193) to work on /home/astrid/airflow/dags/app_data.xlsx
[2022-02-14 10:40:35,368] {processor.py:642} INFO - Processing file /home/astrid/airflow/dags/app_data.xlsx for tasks to queue
[2022-02-14 10:40:35,369] {logging_mixin.py:109} INFO - [2022-02-14 10:40:35,369] {dagbag.py:500} INFO - Filling up the DagBag from /home/astrid/airflow/dags/app_data.xlsx
[2022-02-14 10:40:35,379] {processor.py:656} WARNING - No viable dags retrieved from /home/astrid/airflow/dags/app_data.xlsx
[2022-02-14 10:40:35,382] {processor.py:171} INFO - Processing /home/astrid/airflow/dags/app_data.xlsx took 0.017 seconds
[2022-02-14 10:41:16,690] {processor.py:163} INFO - Started process (PID=8248) to work on /home/astrid/airflow/dags/app_data.xlsx
[2022-02-14 10:41:16,698] {processor.py:642} INFO - Processing file /home/astrid/airflow/dags/app_data.xlsx for tasks to queue
[2022-02-14 10:41:16,699] {logging_mixin.py:109} INFO - [2022-02-14 10:41:16,699] {dagbag.py:500} INFO - Filling up the DagBag from /home/astrid/airflow/dags/app_data.xlsx
[2022-02-14 10:41:16,709] {processor.py:656} WARNING - No viable dags retrieved from /home/astrid/airflow/dags/app_data.xlsx
[2022-02-14 10:41:16,711] {processor.py:171} INFO - Processing /home/astrid/airflow/dags/app_data.xlsx took 0.023 seconds
[2022-02-14 10:42:02,506] {processor.py:163} INFO - Started process (PID=8295) to work on /home/astrid/airflow/dags/app_data.xlsx
[2022-02-14 10:42:02,510] {processor.py:642} INFO - Processing file /home/astrid/airflow/dags/app_data.xlsx for tasks to queue
[2022-02-14 10:42:02,511] {logging_mixin.py:109} INFO - [2022-02-14 10:42:02,511] {dagbag.py:500} INFO - Filling up the DagBag from /home/astrid/airflow/dags/app_data.xlsx
[2022-02-14 10:42:02,523] {processor.py:656} WARNING - No viable dags retrieved from /home/astrid/airflow/dags/app_data.xlsx
[2022-02-14 10:42:02,526] {processor.py:171} INFO - Processing /home/astrid/airflow/dags/app_data.xlsx took 0.023 seconds
[2022-02-14 10:43:02,329] {processor.py:163} INFO - Started process (PID=8378) to work on /home/astrid/airflow/dags/app_data.xlsx
[2022-02-14 10:43:02,330] {processor.py:642} INFO - Processing file /home/astrid/airflow/dags/app_data.xlsx for tasks to queue
[2022-02-14 10:43:02,331] {logging_mixin.py:109} INFO - [2022-02-14 10:43:02,331] {dagbag.py:500} INFO - Filling up the DagBag from /home/astrid/airflow/dags/app_data.xlsx
[2022-02-14 10:43:02,343] {processor.py:656} WARNING - No viable dags retrieved from /home/astrid/airflow/dags/app_data.xlsx
[2022-02-14 10:43:02,348] {processor.py:171} INFO - Processing /home/astrid/airflow/dags/app_data.xlsx took 0.022 seconds
[2022-02-14 10:43:49,708] {processor.py:163} INFO - Started process (PID=8435) to work on /home/astrid/airflow/dags/app_data.xlsx
[2022-02-14 10:43:49,709] {processor.py:642} INFO - Processing file /home/astrid/airflow/dags/app_data.xlsx for tasks to queue
[2022-02-14 10:43:49,710] {logging_mixin.py:109} INFO - [2022-02-14 10:43:49,710] {dagbag.py:500} INFO - Filling up the DagBag from /home/astrid/airflow/dags/app_data.xlsx
[2022-02-14 10:43:49,726] {processor.py:656} WARNING - No viable dags retrieved from /home/astrid/airflow/dags/app_data.xlsx
[2022-02-14 10:43:49,730] {processor.py:171} INFO - Processing /home/astrid/airflow/dags/app_data.xlsx took 0.025 seconds
[2022-02-14 10:44:39,402] {processor.py:163} INFO - Started process (PID=8603) to work on /home/astrid/airflow/dags/app_data.xlsx
[2022-02-14 10:44:39,405] {processor.py:642} INFO - Processing file /home/astrid/airflow/dags/app_data.xlsx for tasks to queue
[2022-02-14 10:44:39,406] {logging_mixin.py:109} INFO - [2022-02-14 10:44:39,406] {dagbag.py:500} INFO - Filling up the DagBag from /home/astrid/airflow/dags/app_data.xlsx
[2022-02-14 10:44:39,416] {processor.py:656} WARNING - No viable dags retrieved from /home/astrid/airflow/dags/app_data.xlsx
[2022-02-14 10:44:39,419] {processor.py:171} INFO - Processing /home/astrid/airflow/dags/app_data.xlsx took 0.021 seconds
[2022-02-14 10:45:22,648] {processor.py:163} INFO - Started process (PID=8650) to work on /home/astrid/airflow/dags/app_data.xlsx
[2022-02-14 10:45:22,650] {processor.py:642} INFO - Processing file /home/astrid/airflow/dags/app_data.xlsx for tasks to queue
[2022-02-14 10:45:22,650] {logging_mixin.py:109} INFO - [2022-02-14 10:45:22,650] {dagbag.py:500} INFO - Filling up the DagBag from /home/astrid/airflow/dags/app_data.xlsx
[2022-02-14 10:45:22,661] {processor.py:656} WARNING - No viable dags retrieved from /home/astrid/airflow/dags/app_data.xlsx
[2022-02-14 10:45:22,664] {processor.py:171} INFO - Processing /home/astrid/airflow/dags/app_data.xlsx took 0.020 seconds
[2022-02-14 10:46:08,162] {processor.py:163} INFO - Started process (PID=8697) to work on /home/astrid/airflow/dags/app_data.xlsx
[2022-02-14 10:46:08,164] {processor.py:642} INFO - Processing file /home/astrid/airflow/dags/app_data.xlsx for tasks to queue
[2022-02-14 10:46:08,165] {logging_mixin.py:109} INFO - [2022-02-14 10:46:08,165] {dagbag.py:500} INFO - Filling up the DagBag from /home/astrid/airflow/dags/app_data.xlsx
[2022-02-14 10:46:08,174] {processor.py:656} WARNING - No viable dags retrieved from /home/astrid/airflow/dags/app_data.xlsx
[2022-02-14 10:46:08,178] {processor.py:171} INFO - Processing /home/astrid/airflow/dags/app_data.xlsx took 0.017 seconds
[2022-02-14 10:46:56,007] {processor.py:163} INFO - Started process (PID=8753) to work on /home/astrid/airflow/dags/app_data.xlsx
[2022-02-14 10:46:56,012] {processor.py:642} INFO - Processing file /home/astrid/airflow/dags/app_data.xlsx for tasks to queue
[2022-02-14 10:46:56,013] {logging_mixin.py:109} INFO - [2022-02-14 10:46:56,013] {dagbag.py:500} INFO - Filling up the DagBag from /home/astrid/airflow/dags/app_data.xlsx
[2022-02-14 10:46:56,031] {processor.py:656} WARNING - No viable dags retrieved from /home/astrid/airflow/dags/app_data.xlsx
[2022-02-14 10:46:56,038] {processor.py:171} INFO - Processing /home/astrid/airflow/dags/app_data.xlsx took 0.034 seconds
[2022-02-14 10:47:40,810] {processor.py:163} INFO - Started process (PID=8806) to work on /home/astrid/airflow/dags/app_data.xlsx
[2022-02-14 10:47:40,817] {processor.py:642} INFO - Processing file /home/astrid/airflow/dags/app_data.xlsx for tasks to queue
[2022-02-14 10:47:40,819] {logging_mixin.py:109} INFO - [2022-02-14 10:47:40,818] {dagbag.py:500} INFO - Filling up the DagBag from /home/astrid/airflow/dags/app_data.xlsx
[2022-02-14 10:47:40,841] {processor.py:656} WARNING - No viable dags retrieved from /home/astrid/airflow/dags/app_data.xlsx
[2022-02-14 10:47:40,846] {processor.py:171} INFO - Processing /home/astrid/airflow/dags/app_data.xlsx took 0.039 seconds
[2022-02-14 10:48:25,012] {processor.py:163} INFO - Started process (PID=8852) to work on /home/astrid/airflow/dags/app_data.xlsx
[2022-02-14 10:48:25,014] {processor.py:642} INFO - Processing file /home/astrid/airflow/dags/app_data.xlsx for tasks to queue
[2022-02-14 10:48:25,015] {logging_mixin.py:109} INFO - [2022-02-14 10:48:25,014] {dagbag.py:500} INFO - Filling up the DagBag from /home/astrid/airflow/dags/app_data.xlsx
[2022-02-14 10:48:25,025] {processor.py:656} WARNING - No viable dags retrieved from /home/astrid/airflow/dags/app_data.xlsx
[2022-02-14 10:48:25,028] {processor.py:171} INFO - Processing /home/astrid/airflow/dags/app_data.xlsx took 0.018 seconds
[2022-02-14 10:49:22,192] {processor.py:163} INFO - Started process (PID=8928) to work on /home/astrid/airflow/dags/app_data.xlsx
[2022-02-14 10:49:22,200] {processor.py:642} INFO - Processing file /home/astrid/airflow/dags/app_data.xlsx for tasks to queue
[2022-02-14 10:49:22,201] {logging_mixin.py:109} INFO - [2022-02-14 10:49:22,200] {dagbag.py:500} INFO - Filling up the DagBag from /home/astrid/airflow/dags/app_data.xlsx
[2022-02-14 10:49:22,209] {processor.py:656} WARNING - No viable dags retrieved from /home/astrid/airflow/dags/app_data.xlsx
[2022-02-14 10:49:22,211] {processor.py:171} INFO - Processing /home/astrid/airflow/dags/app_data.xlsx took 0.021 seconds
[2022-02-14 10:50:12,709] {processor.py:163} INFO - Started process (PID=8993) to work on /home/astrid/airflow/dags/app_data.xlsx
[2022-02-14 10:50:12,720] {processor.py:642} INFO - Processing file /home/astrid/airflow/dags/app_data.xlsx for tasks to queue
[2022-02-14 10:50:12,721] {logging_mixin.py:109} INFO - [2022-02-14 10:50:12,720] {dagbag.py:500} INFO - Filling up the DagBag from /home/astrid/airflow/dags/app_data.xlsx
[2022-02-14 10:50:12,735] {processor.py:656} WARNING - No viable dags retrieved from /home/astrid/airflow/dags/app_data.xlsx
[2022-02-14 10:50:12,739] {processor.py:171} INFO - Processing /home/astrid/airflow/dags/app_data.xlsx took 0.034 seconds
[2022-02-14 10:51:04,792] {processor.py:163} INFO - Started process (PID=9053) to work on /home/astrid/airflow/dags/app_data.xlsx
[2022-02-14 10:51:04,793] {processor.py:642} INFO - Processing file /home/astrid/airflow/dags/app_data.xlsx for tasks to queue
[2022-02-14 10:51:04,794] {logging_mixin.py:109} INFO - [2022-02-14 10:51:04,794] {dagbag.py:500} INFO - Filling up the DagBag from /home/astrid/airflow/dags/app_data.xlsx
[2022-02-14 10:51:04,802] {processor.py:656} WARNING - No viable dags retrieved from /home/astrid/airflow/dags/app_data.xlsx
[2022-02-14 10:51:04,804] {processor.py:171} INFO - Processing /home/astrid/airflow/dags/app_data.xlsx took 0.015 seconds
[2022-02-14 10:51:56,145] {processor.py:163} INFO - Started process (PID=9105) to work on /home/astrid/airflow/dags/app_data.xlsx
[2022-02-14 10:51:56,154] {processor.py:642} INFO - Processing file /home/astrid/airflow/dags/app_data.xlsx for tasks to queue
[2022-02-14 10:51:56,155] {logging_mixin.py:109} INFO - [2022-02-14 10:51:56,155] {dagbag.py:500} INFO - Filling up the DagBag from /home/astrid/airflow/dags/app_data.xlsx
[2022-02-14 10:51:56,164] {processor.py:656} WARNING - No viable dags retrieved from /home/astrid/airflow/dags/app_data.xlsx
[2022-02-14 10:51:56,167] {processor.py:171} INFO - Processing /home/astrid/airflow/dags/app_data.xlsx took 0.025 seconds
[2022-02-14 10:52:35,708] {processor.py:163} INFO - Started process (PID=9148) to work on /home/astrid/airflow/dags/app_data.xlsx
[2022-02-14 10:52:35,711] {processor.py:642} INFO - Processing file /home/astrid/airflow/dags/app_data.xlsx for tasks to queue
[2022-02-14 10:52:35,712] {logging_mixin.py:109} INFO - [2022-02-14 10:52:35,712] {dagbag.py:500} INFO - Filling up the DagBag from /home/astrid/airflow/dags/app_data.xlsx
[2022-02-14 10:52:35,733] {processor.py:656} WARNING - No viable dags retrieved from /home/astrid/airflow/dags/app_data.xlsx
[2022-02-14 10:52:35,739] {processor.py:171} INFO - Processing /home/astrid/airflow/dags/app_data.xlsx took 0.036 seconds
[2022-02-14 10:53:16,114] {processor.py:163} INFO - Started process (PID=9199) to work on /home/astrid/airflow/dags/app_data.xlsx
[2022-02-14 10:53:16,123] {processor.py:642} INFO - Processing file /home/astrid/airflow/dags/app_data.xlsx for tasks to queue
[2022-02-14 10:53:16,124] {logging_mixin.py:109} INFO - [2022-02-14 10:53:16,123] {dagbag.py:500} INFO - Filling up the DagBag from /home/astrid/airflow/dags/app_data.xlsx
[2022-02-14 10:53:16,134] {processor.py:656} WARNING - No viable dags retrieved from /home/astrid/airflow/dags/app_data.xlsx
[2022-02-14 10:53:16,137] {processor.py:171} INFO - Processing /home/astrid/airflow/dags/app_data.xlsx took 0.024 seconds
[2022-02-14 10:54:00,789] {processor.py:163} INFO - Started process (PID=9247) to work on /home/astrid/airflow/dags/app_data.xlsx
[2022-02-14 10:54:00,791] {processor.py:642} INFO - Processing file /home/astrid/airflow/dags/app_data.xlsx for tasks to queue
[2022-02-14 10:54:00,792] {logging_mixin.py:109} INFO - [2022-02-14 10:54:00,791] {dagbag.py:500} INFO - Filling up the DagBag from /home/astrid/airflow/dags/app_data.xlsx
[2022-02-14 10:54:00,801] {processor.py:656} WARNING - No viable dags retrieved from /home/astrid/airflow/dags/app_data.xlsx
[2022-02-14 10:54:00,803] {processor.py:171} INFO - Processing /home/astrid/airflow/dags/app_data.xlsx took 0.016 seconds
[2022-02-14 10:54:50,032] {processor.py:163} INFO - Started process (PID=9298) to work on /home/astrid/airflow/dags/app_data.xlsx
[2022-02-14 10:54:50,041] {processor.py:642} INFO - Processing file /home/astrid/airflow/dags/app_data.xlsx for tasks to queue
[2022-02-14 10:54:50,041] {logging_mixin.py:109} INFO - [2022-02-14 10:54:50,041] {dagbag.py:500} INFO - Filling up the DagBag from /home/astrid/airflow/dags/app_data.xlsx
[2022-02-14 10:54:50,050] {processor.py:656} WARNING - No viable dags retrieved from /home/astrid/airflow/dags/app_data.xlsx
[2022-02-14 10:54:50,053] {processor.py:171} INFO - Processing /home/astrid/airflow/dags/app_data.xlsx took 0.023 seconds
[2022-02-14 10:55:32,439] {processor.py:163} INFO - Started process (PID=9350) to work on /home/astrid/airflow/dags/app_data.xlsx
[2022-02-14 10:55:32,447] {processor.py:642} INFO - Processing file /home/astrid/airflow/dags/app_data.xlsx for tasks to queue
[2022-02-14 10:55:32,448] {logging_mixin.py:109} INFO - [2022-02-14 10:55:32,448] {dagbag.py:500} INFO - Filling up the DagBag from /home/astrid/airflow/dags/app_data.xlsx
[2022-02-14 10:55:32,456] {processor.py:656} WARNING - No viable dags retrieved from /home/astrid/airflow/dags/app_data.xlsx
[2022-02-14 10:55:32,459] {processor.py:171} INFO - Processing /home/astrid/airflow/dags/app_data.xlsx took 0.022 seconds
[2022-02-14 10:56:14,966] {processor.py:163} INFO - Started process (PID=9397) to work on /home/astrid/airflow/dags/app_data.xlsx
[2022-02-14 10:56:14,968] {processor.py:642} INFO - Processing file /home/astrid/airflow/dags/app_data.xlsx for tasks to queue
[2022-02-14 10:56:14,969] {logging_mixin.py:109} INFO - [2022-02-14 10:56:14,969] {dagbag.py:500} INFO - Filling up the DagBag from /home/astrid/airflow/dags/app_data.xlsx
[2022-02-14 10:56:14,980] {processor.py:656} WARNING - No viable dags retrieved from /home/astrid/airflow/dags/app_data.xlsx
[2022-02-14 10:56:14,984] {processor.py:171} INFO - Processing /home/astrid/airflow/dags/app_data.xlsx took 0.020 seconds
[2022-02-14 10:56:59,083] {processor.py:163} INFO - Started process (PID=9445) to work on /home/astrid/airflow/dags/app_data.xlsx
[2022-02-14 10:56:59,094] {processor.py:642} INFO - Processing file /home/astrid/airflow/dags/app_data.xlsx for tasks to queue
[2022-02-14 10:56:59,095] {logging_mixin.py:109} INFO - [2022-02-14 10:56:59,095] {dagbag.py:500} INFO - Filling up the DagBag from /home/astrid/airflow/dags/app_data.xlsx
[2022-02-14 10:56:59,122] {processor.py:656} WARNING - No viable dags retrieved from /home/astrid/airflow/dags/app_data.xlsx
[2022-02-14 10:56:59,130] {processor.py:171} INFO - Processing /home/astrid/airflow/dags/app_data.xlsx took 0.050 seconds
[2022-02-14 10:57:47,585] {processor.py:163} INFO - Started process (PID=9600) to work on /home/astrid/airflow/dags/app_data.xlsx
[2022-02-14 10:57:47,586] {processor.py:642} INFO - Processing file /home/astrid/airflow/dags/app_data.xlsx for tasks to queue
[2022-02-14 10:57:47,587] {logging_mixin.py:109} INFO - [2022-02-14 10:57:47,587] {dagbag.py:500} INFO - Filling up the DagBag from /home/astrid/airflow/dags/app_data.xlsx
[2022-02-14 10:57:47,595] {processor.py:656} WARNING - No viable dags retrieved from /home/astrid/airflow/dags/app_data.xlsx
[2022-02-14 10:57:47,597] {processor.py:171} INFO - Processing /home/astrid/airflow/dags/app_data.xlsx took 0.014 seconds
[2022-02-14 10:58:27,233] {processor.py:163} INFO - Started process (PID=9649) to work on /home/astrid/airflow/dags/app_data.xlsx
[2022-02-14 10:58:27,234] {processor.py:642} INFO - Processing file /home/astrid/airflow/dags/app_data.xlsx for tasks to queue
[2022-02-14 10:58:27,235] {logging_mixin.py:109} INFO - [2022-02-14 10:58:27,235] {dagbag.py:500} INFO - Filling up the DagBag from /home/astrid/airflow/dags/app_data.xlsx
[2022-02-14 10:58:27,244] {processor.py:656} WARNING - No viable dags retrieved from /home/astrid/airflow/dags/app_data.xlsx
[2022-02-14 10:58:27,246] {processor.py:171} INFO - Processing /home/astrid/airflow/dags/app_data.xlsx took 0.015 seconds
[2022-02-14 10:59:06,267] {processor.py:163} INFO - Started process (PID=9693) to work on /home/astrid/airflow/dags/app_data.xlsx
[2022-02-14 10:59:06,268] {processor.py:642} INFO - Processing file /home/astrid/airflow/dags/app_data.xlsx for tasks to queue
[2022-02-14 10:59:06,269] {logging_mixin.py:109} INFO - [2022-02-14 10:59:06,269] {dagbag.py:500} INFO - Filling up the DagBag from /home/astrid/airflow/dags/app_data.xlsx
[2022-02-14 10:59:06,278] {processor.py:656} WARNING - No viable dags retrieved from /home/astrid/airflow/dags/app_data.xlsx
[2022-02-14 10:59:06,280] {processor.py:171} INFO - Processing /home/astrid/airflow/dags/app_data.xlsx took 0.016 seconds
[2022-02-14 10:59:51,656] {processor.py:163} INFO - Started process (PID=9741) to work on /home/astrid/airflow/dags/app_data.xlsx
[2022-02-14 10:59:51,665] {processor.py:642} INFO - Processing file /home/astrid/airflow/dags/app_data.xlsx for tasks to queue
[2022-02-14 10:59:51,666] {logging_mixin.py:109} INFO - [2022-02-14 10:59:51,666] {dagbag.py:500} INFO - Filling up the DagBag from /home/astrid/airflow/dags/app_data.xlsx
[2022-02-14 10:59:51,676] {processor.py:656} WARNING - No viable dags retrieved from /home/astrid/airflow/dags/app_data.xlsx
[2022-02-14 10:59:51,679] {processor.py:171} INFO - Processing /home/astrid/airflow/dags/app_data.xlsx took 0.025 seconds
[2022-02-14 11:00:41,088] {processor.py:163} INFO - Started process (PID=9798) to work on /home/astrid/airflow/dags/app_data.xlsx
[2022-02-14 11:00:41,090] {processor.py:642} INFO - Processing file /home/astrid/airflow/dags/app_data.xlsx for tasks to queue
[2022-02-14 11:00:41,090] {logging_mixin.py:109} INFO - [2022-02-14 11:00:41,090] {dagbag.py:500} INFO - Filling up the DagBag from /home/astrid/airflow/dags/app_data.xlsx
[2022-02-14 11:00:41,100] {processor.py:656} WARNING - No viable dags retrieved from /home/astrid/airflow/dags/app_data.xlsx
[2022-02-14 11:00:41,103] {processor.py:171} INFO - Processing /home/astrid/airflow/dags/app_data.xlsx took 0.018 seconds
[2022-02-14 11:01:28,131] {processor.py:163} INFO - Started process (PID=9846) to work on /home/astrid/airflow/dags/app_data.xlsx
[2022-02-14 11:01:28,140] {processor.py:642} INFO - Processing file /home/astrid/airflow/dags/app_data.xlsx for tasks to queue
[2022-02-14 11:01:28,141] {logging_mixin.py:109} INFO - [2022-02-14 11:01:28,140] {dagbag.py:500} INFO - Filling up the DagBag from /home/astrid/airflow/dags/app_data.xlsx
[2022-02-14 11:01:28,150] {processor.py:656} WARNING - No viable dags retrieved from /home/astrid/airflow/dags/app_data.xlsx
[2022-02-14 11:01:28,154] {processor.py:171} INFO - Processing /home/astrid/airflow/dags/app_data.xlsx took 0.025 seconds
[2022-02-14 11:02:10,787] {processor.py:163} INFO - Started process (PID=9891) to work on /home/astrid/airflow/dags/app_data.xlsx
[2022-02-14 11:02:10,796] {processor.py:642} INFO - Processing file /home/astrid/airflow/dags/app_data.xlsx for tasks to queue
[2022-02-14 11:02:10,797] {logging_mixin.py:109} INFO - [2022-02-14 11:02:10,796] {dagbag.py:500} INFO - Filling up the DagBag from /home/astrid/airflow/dags/app_data.xlsx
[2022-02-14 11:02:10,806] {processor.py:656} WARNING - No viable dags retrieved from /home/astrid/airflow/dags/app_data.xlsx
[2022-02-14 11:02:10,809] {processor.py:171} INFO - Processing /home/astrid/airflow/dags/app_data.xlsx took 0.025 seconds
[2022-02-14 11:02:51,926] {processor.py:163} INFO - Started process (PID=9944) to work on /home/astrid/airflow/dags/app_data.xlsx
[2022-02-14 11:02:51,927] {processor.py:642} INFO - Processing file /home/astrid/airflow/dags/app_data.xlsx for tasks to queue
[2022-02-14 11:02:51,928] {logging_mixin.py:109} INFO - [2022-02-14 11:02:51,928] {dagbag.py:500} INFO - Filling up the DagBag from /home/astrid/airflow/dags/app_data.xlsx
[2022-02-14 11:02:51,941] {processor.py:656} WARNING - No viable dags retrieved from /home/astrid/airflow/dags/app_data.xlsx
[2022-02-14 11:02:51,944] {processor.py:171} INFO - Processing /home/astrid/airflow/dags/app_data.xlsx took 0.021 seconds
[2022-02-14 11:03:29,796] {processor.py:163} INFO - Started process (PID=9986) to work on /home/astrid/airflow/dags/app_data.xlsx
[2022-02-14 11:03:29,798] {processor.py:642} INFO - Processing file /home/astrid/airflow/dags/app_data.xlsx for tasks to queue
[2022-02-14 11:03:29,799] {logging_mixin.py:109} INFO - [2022-02-14 11:03:29,799] {dagbag.py:500} INFO - Filling up the DagBag from /home/astrid/airflow/dags/app_data.xlsx
[2022-02-14 11:03:29,810] {processor.py:656} WARNING - No viable dags retrieved from /home/astrid/airflow/dags/app_data.xlsx
[2022-02-14 11:03:29,813] {processor.py:171} INFO - Processing /home/astrid/airflow/dags/app_data.xlsx took 0.019 seconds
[2022-02-14 11:04:10,213] {processor.py:163} INFO - Started process (PID=10030) to work on /home/astrid/airflow/dags/app_data.xlsx
[2022-02-14 11:04:10,214] {processor.py:642} INFO - Processing file /home/astrid/airflow/dags/app_data.xlsx for tasks to queue
[2022-02-14 11:04:10,215] {logging_mixin.py:109} INFO - [2022-02-14 11:04:10,215] {dagbag.py:500} INFO - Filling up the DagBag from /home/astrid/airflow/dags/app_data.xlsx
[2022-02-14 11:04:10,224] {processor.py:656} WARNING - No viable dags retrieved from /home/astrid/airflow/dags/app_data.xlsx
[2022-02-14 11:04:10,226] {processor.py:171} INFO - Processing /home/astrid/airflow/dags/app_data.xlsx took 0.016 seconds
[2022-02-14 11:04:51,648] {processor.py:163} INFO - Started process (PID=10075) to work on /home/astrid/airflow/dags/app_data.xlsx
[2022-02-14 11:04:51,649] {processor.py:642} INFO - Processing file /home/astrid/airflow/dags/app_data.xlsx for tasks to queue
[2022-02-14 11:04:51,650] {logging_mixin.py:109} INFO - [2022-02-14 11:04:51,650] {dagbag.py:500} INFO - Filling up the DagBag from /home/astrid/airflow/dags/app_data.xlsx
[2022-02-14 11:04:51,659] {processor.py:656} WARNING - No viable dags retrieved from /home/astrid/airflow/dags/app_data.xlsx
[2022-02-14 11:04:51,661] {processor.py:171} INFO - Processing /home/astrid/airflow/dags/app_data.xlsx took 0.015 seconds
[2022-02-14 11:05:37,364] {processor.py:163} INFO - Started process (PID=10124) to work on /home/astrid/airflow/dags/app_data.xlsx
[2022-02-14 11:05:37,366] {processor.py:642} INFO - Processing file /home/astrid/airflow/dags/app_data.xlsx for tasks to queue
[2022-02-14 11:05:37,366] {logging_mixin.py:109} INFO - [2022-02-14 11:05:37,366] {dagbag.py:500} INFO - Filling up the DagBag from /home/astrid/airflow/dags/app_data.xlsx
[2022-02-14 11:05:37,376] {processor.py:656} WARNING - No viable dags retrieved from /home/astrid/airflow/dags/app_data.xlsx
[2022-02-14 11:05:37,380] {processor.py:171} INFO - Processing /home/astrid/airflow/dags/app_data.xlsx took 0.018 seconds
[2022-02-14 11:06:20,861] {processor.py:163} INFO - Started process (PID=10176) to work on /home/astrid/airflow/dags/app_data.xlsx
[2022-02-14 11:06:20,864] {processor.py:642} INFO - Processing file /home/astrid/airflow/dags/app_data.xlsx for tasks to queue
[2022-02-14 11:06:20,864] {logging_mixin.py:109} INFO - [2022-02-14 11:06:20,864] {dagbag.py:500} INFO - Filling up the DagBag from /home/astrid/airflow/dags/app_data.xlsx
[2022-02-14 11:06:20,877] {processor.py:656} WARNING - No viable dags retrieved from /home/astrid/airflow/dags/app_data.xlsx
[2022-02-14 11:06:20,880] {processor.py:171} INFO - Processing /home/astrid/airflow/dags/app_data.xlsx took 0.022 seconds
[2022-02-14 11:07:01,058] {processor.py:163} INFO - Started process (PID=10219) to work on /home/astrid/airflow/dags/app_data.xlsx
[2022-02-14 11:07:01,059] {processor.py:642} INFO - Processing file /home/astrid/airflow/dags/app_data.xlsx for tasks to queue
[2022-02-14 11:07:01,060] {logging_mixin.py:109} INFO - [2022-02-14 11:07:01,060] {dagbag.py:500} INFO - Filling up the DagBag from /home/astrid/airflow/dags/app_data.xlsx
[2022-02-14 11:07:01,070] {processor.py:656} WARNING - No viable dags retrieved from /home/astrid/airflow/dags/app_data.xlsx
[2022-02-14 11:07:01,073] {processor.py:171} INFO - Processing /home/astrid/airflow/dags/app_data.xlsx took 0.017 seconds
[2022-02-14 11:07:44,284] {processor.py:163} INFO - Started process (PID=10265) to work on /home/astrid/airflow/dags/app_data.xlsx
[2022-02-14 11:07:44,286] {processor.py:642} INFO - Processing file /home/astrid/airflow/dags/app_data.xlsx for tasks to queue
[2022-02-14 11:07:44,286] {logging_mixin.py:109} INFO - [2022-02-14 11:07:44,286] {dagbag.py:500} INFO - Filling up the DagBag from /home/astrid/airflow/dags/app_data.xlsx
[2022-02-14 11:07:44,296] {processor.py:656} WARNING - No viable dags retrieved from /home/astrid/airflow/dags/app_data.xlsx
[2022-02-14 11:07:44,298] {processor.py:171} INFO - Processing /home/astrid/airflow/dags/app_data.xlsx took 0.016 seconds
[2022-02-14 11:08:29,845] {processor.py:163} INFO - Started process (PID=10313) to work on /home/astrid/airflow/dags/app_data.xlsx
[2022-02-14 11:08:29,847] {processor.py:642} INFO - Processing file /home/astrid/airflow/dags/app_data.xlsx for tasks to queue
[2022-02-14 11:08:29,848] {logging_mixin.py:109} INFO - [2022-02-14 11:08:29,848] {dagbag.py:500} INFO - Filling up the DagBag from /home/astrid/airflow/dags/app_data.xlsx
[2022-02-14 11:08:29,861] {processor.py:656} WARNING - No viable dags retrieved from /home/astrid/airflow/dags/app_data.xlsx
[2022-02-14 11:08:29,865] {processor.py:171} INFO - Processing /home/astrid/airflow/dags/app_data.xlsx took 0.023 seconds
[2022-02-14 11:09:09,718] {processor.py:163} INFO - Started process (PID=10363) to work on /home/astrid/airflow/dags/app_data.xlsx
[2022-02-14 11:09:09,719] {processor.py:642} INFO - Processing file /home/astrid/airflow/dags/app_data.xlsx for tasks to queue
[2022-02-14 11:09:09,720] {logging_mixin.py:109} INFO - [2022-02-14 11:09:09,719] {dagbag.py:500} INFO - Filling up the DagBag from /home/astrid/airflow/dags/app_data.xlsx
[2022-02-14 11:09:09,729] {processor.py:656} WARNING - No viable dags retrieved from /home/astrid/airflow/dags/app_data.xlsx
[2022-02-14 11:09:09,731] {processor.py:171} INFO - Processing /home/astrid/airflow/dags/app_data.xlsx took 0.016 seconds
[2022-02-14 11:09:49,101] {processor.py:163} INFO - Started process (PID=10405) to work on /home/astrid/airflow/dags/app_data.xlsx
[2022-02-14 11:09:49,110] {processor.py:642} INFO - Processing file /home/astrid/airflow/dags/app_data.xlsx for tasks to queue
[2022-02-14 11:09:49,111] {logging_mixin.py:109} INFO - [2022-02-14 11:09:49,111] {dagbag.py:500} INFO - Filling up the DagBag from /home/astrid/airflow/dags/app_data.xlsx
[2022-02-14 11:09:49,120] {processor.py:656} WARNING - No viable dags retrieved from /home/astrid/airflow/dags/app_data.xlsx
[2022-02-14 11:09:49,122] {processor.py:171} INFO - Processing /home/astrid/airflow/dags/app_data.xlsx took 0.024 seconds
[2022-02-14 11:10:33,293] {processor.py:163} INFO - Started process (PID=10450) to work on /home/astrid/airflow/dags/app_data.xlsx
[2022-02-14 11:10:33,295] {processor.py:642} INFO - Processing file /home/astrid/airflow/dags/app_data.xlsx for tasks to queue
[2022-02-14 11:10:33,296] {logging_mixin.py:109} INFO - [2022-02-14 11:10:33,295] {dagbag.py:500} INFO - Filling up the DagBag from /home/astrid/airflow/dags/app_data.xlsx
[2022-02-14 11:10:33,308] {processor.py:656} WARNING - No viable dags retrieved from /home/astrid/airflow/dags/app_data.xlsx
[2022-02-14 11:10:33,311] {processor.py:171} INFO - Processing /home/astrid/airflow/dags/app_data.xlsx took 0.022 seconds
[2022-02-14 11:11:17,116] {processor.py:163} INFO - Started process (PID=10503) to work on /home/astrid/airflow/dags/app_data.xlsx
[2022-02-14 11:11:17,119] {processor.py:642} INFO - Processing file /home/astrid/airflow/dags/app_data.xlsx for tasks to queue
[2022-02-14 11:11:17,120] {logging_mixin.py:109} INFO - [2022-02-14 11:11:17,120] {dagbag.py:500} INFO - Filling up the DagBag from /home/astrid/airflow/dags/app_data.xlsx
[2022-02-14 11:11:17,131] {processor.py:656} WARNING - No viable dags retrieved from /home/astrid/airflow/dags/app_data.xlsx
[2022-02-14 11:11:17,134] {processor.py:171} INFO - Processing /home/astrid/airflow/dags/app_data.xlsx took 0.020 seconds
[2022-02-14 11:12:04,000] {processor.py:163} INFO - Started process (PID=10562) to work on /home/astrid/airflow/dags/app_data.xlsx
[2022-02-14 11:12:04,001] {processor.py:642} INFO - Processing file /home/astrid/airflow/dags/app_data.xlsx for tasks to queue
[2022-02-14 11:12:04,002] {logging_mixin.py:109} INFO - [2022-02-14 11:12:04,002] {dagbag.py:500} INFO - Filling up the DagBag from /home/astrid/airflow/dags/app_data.xlsx
[2022-02-14 11:12:04,011] {processor.py:656} WARNING - No viable dags retrieved from /home/astrid/airflow/dags/app_data.xlsx
[2022-02-14 11:12:04,014] {processor.py:171} INFO - Processing /home/astrid/airflow/dags/app_data.xlsx took 0.016 seconds
